.\CanonT\Canon.ilk
.\CanonT\Canon.pdb
C:\USERS\ADMINISTRATOR\DESKTOP\CANON TEST\CANON TEST\CANONT\CANON.EXE
C:\USERS\ADMINISTRATOR\DESKTOP\CANON TEST\CANON TEST\CANONT\CANON.ILK
C:\USERS\ADMINISTRATOR\DESKTOP\CANON TEST\CANON TEST\CANONT\CANON.PDB
C:\USERS\ADMINISTRATOR\DESKTOP\CANON TEST\CANON TEST\DEBUG\CANON TEST.OBJ
C:\USERS\ADMINISTRATOR\DESKTOP\CANON TEST\CANON TEST\DEBUG\CANON TEST.RES
C:\USERS\ADMINISTRATOR\DESKTOP\CANON TEST\CANON TEST\DEBUG\CANON TESTDLG.OBJ
C:\USERS\ADMINISTRATOR\DESKTOP\CANON TEST\CANON TEST\DEBUG\CANON.EXE.EMBED.MANIFEST
C:\USERS\ADMINISTRATOR\DESKTOP\CANON TEST\CANON TEST\DEBUG\CANON.EXE.EMBED.MANIFEST.RES
C:\USERS\ADMINISTRATOR\DESKTOP\CANON TEST\CANON TEST\DEBUG\CANON.EXE.INTERMEDIATE.MANIFEST
C:\USERS\ADMINISTRATOR\DESKTOP\CANON TEST\CANON TEST\DEBUG\CANON.OBJ
C:\USERS\ADMINISTRATOR\DESKTOP\CANON TEST\CANON TEST\DEBUG\CANON.PCH
C:\USERS\ADMINISTRATOR\DESKTOP\CANON TEST\CANON TEST\DEBUG\STDAFX.OBJ
C:\USERS\ADMINISTRATOR\DESKTOP\CANON TEST\CANON TEST\DEBUG\VC100.PDB
F:\CANON TEST\CANON TEST\CANONT\CANON.EXE
F:\CANON TEST\CANON TEST\CANONT\CANON.ILK
F:\CANON TEST\CANON TEST\CANONT\CANON.PDB
F:\CANON TEST\CANON TEST\DEBUG\CANON TEST.OBJ
F:\CANON TEST\CANON TEST\DEBUG\CANON TEST.RES
F:\CANON TEST\CANON TEST\DEBUG\CANON TESTDLG.OBJ
F:\CANON TEST\CANON TEST\DEBUG\CANON.EXE.EMBED.MANIFEST
F:\CANON TEST\CANON TEST\DEBUG\CANON.EXE.EMBED.MANIFEST.RES
F:\CANON TEST\CANON TEST\DEBUG\CANON.EXE.INTERMEDIATE.MANIFEST
F:\CANON TEST\CANON TEST\DEBUG\CANON.OBJ
F:\CANON TEST\CANON TEST\DEBUG\CANON.PCH
F:\CANON TEST\CANON TEST\DEBUG\STDAFX.OBJ
F:\CANON TEST\CANON TEST\DEBUG\VC100.PDB
F:\Canon Test\Canon_Test\.\CanonT\Canon.exe
F:\Canon Test\Canon_Test\Debug\Canon Test.obj
F:\Canon Test\Canon_Test\Debug\Canon Test.res
F:\Canon Test\Canon_Test\Debug\Canon Test.vcxprojResolveAssemblyReference.cache
F:\Canon Test\Canon_Test\Debug\Canon Test.write.1.tlog
F:\Canon Test\Canon_Test\Debug\Canon TestDlg.obj
F:\Canon Test\Canon_Test\Debug\Canon.exe.embed.manifest
F:\Canon Test\Canon_Test\Debug\Canon.exe.embed.manifest.res
F:\Canon Test\Canon_Test\Debug\Canon.exe.intermediate.manifest
F:\Canon Test\Canon_Test\Debug\Canon.obj
F:\Canon Test\Canon_Test\Debug\Canon.pch
F:\Canon Test\Canon_Test\Debug\Canon_manifest.rc
F:\Canon Test\Canon_Test\Debug\cl.command.1.tlog
F:\Canon Test\Canon_Test\Debug\CL.read.1.tlog
F:\Canon Test\Canon_Test\Debug\CL.write.1.tlog
F:\Canon Test\Canon_Test\Debug\link.100708.read.1.tlog
F:\Canon Test\Canon_Test\Debug\link.100708.write.1.tlog
F:\Canon Test\Canon_Test\Debug\link.100708-cvtres.read.1.tlog
F:\Canon Test\Canon_Test\Debug\link.100708-cvtres.write.1.tlog
F:\Canon Test\Canon_Test\Debug\link.105772.read.1.tlog
F:\Canon Test\Canon_Test\Debug\link.105772.write.1.tlog
F:\Canon Test\Canon_Test\Debug\link.105772-cvtres.read.1.tlog
F:\Canon Test\Canon_Test\Debug\link.105772-cvtres.write.1.tlog
F:\Canon Test\Canon_Test\Debug\link.119816.read.1.tlog
F:\Canon Test\Canon_Test\Debug\link.119816.write.1.tlog
F:\Canon Test\Canon_Test\Debug\link.119816-cvtres.read.1.tlog
F:\Canon Test\Canon_Test\Debug\link.119816-cvtres.write.1.tlog
F:\Canon Test\Canon_Test\Debug\link.120580.read.1.tlog
F:\Canon Test\Canon_Test\Debug\link.120580.write.1.tlog
F:\Canon Test\Canon_Test\Debug\link.120580-cvtres.read.1.tlog
F:\Canon Test\Canon_Test\Debug\link.120580-cvtres.write.1.tlog
F:\Canon Test\Canon_Test\Debug\link.120724.read.1.tlog
F:\Canon Test\Canon_Test\Debug\link.25812.read.1.tlog
F:\Canon Test\Canon_Test\Debug\link.25812.write.1.tlog
F:\Canon Test\Canon_Test\Debug\link.25812-cvtres.read.1.tlog
F:\Canon Test\Canon_Test\Debug\link.25812-cvtres.write.1.tlog
F:\Canon Test\Canon_Test\Debug\link.32872.read.1.tlog
F:\Canon Test\Canon_Test\Debug\link.32872.write.1.tlog
F:\Canon Test\Canon_Test\Debug\link.32872-cvtres.read.1.tlog
F:\Canon Test\Canon_Test\Debug\link.32872-cvtres.write.1.tlog
F:\Canon Test\Canon_Test\Debug\link.38664.read.1.tlog
F:\Canon Test\Canon_Test\Debug\link.38664.write.1.tlog
F:\Canon Test\Canon_Test\Debug\link.38664-cvtres.read.1.tlog
F:\Canon Test\Canon_Test\Debug\link.38664-cvtres.write.1.tlog
F:\Canon Test\Canon_Test\Debug\link.39504.read.1.tlog
F:\Canon Test\Canon_Test\Debug\link.39504.write.1.tlog
F:\Canon Test\Canon_Test\Debug\link.39504-cvtres.read.1.tlog
F:\Canon Test\Canon_Test\Debug\link.39504-cvtres.write.1.tlog
F:\Canon Test\Canon_Test\Debug\link.39744.read.1.tlog
F:\Canon Test\Canon_Test\Debug\link.39744.write.1.tlog
F:\Canon Test\Canon_Test\Debug\link.39744-cvtres.read.1.tlog
F:\Canon Test\Canon_Test\Debug\link.39744-cvtres.write.1.tlog
F:\Canon Test\Canon_Test\Debug\link.41060.read.1.tlog
F:\Canon Test\Canon_Test\Debug\link.41060.write.1.tlog
F:\Canon Test\Canon_Test\Debug\link.41060-cvtres.read.1.tlog
F:\Canon Test\Canon_Test\Debug\link.41060-cvtres.write.1.tlog
F:\Canon Test\Canon_Test\Debug\link.41080.read.1.tlog
F:\Canon Test\Canon_Test\Debug\link.41080.write.1.tlog
F:\Canon Test\Canon_Test\Debug\link.41080-cvtres.read.1.tlog
F:\Canon Test\Canon_Test\Debug\link.41080-cvtres.write.1.tlog
F:\Canon Test\Canon_Test\Debug\link.41552.read.1.tlog
F:\Canon Test\Canon_Test\Debug\link.41552.write.1.tlog
F:\Canon Test\Canon_Test\Debug\link.41552-cvtres.read.1.tlog
F:\Canon Test\Canon_Test\Debug\link.41552-cvtres.write.1.tlog
F:\Canon Test\Canon_Test\Debug\link.41904.read.1.tlog
F:\Canon Test\Canon_Test\Debug\link.41904.write.1.tlog
F:\Canon Test\Canon_Test\Debug\link.41904-cvtres.read.1.tlog
F:\Canon Test\Canon_Test\Debug\link.41904-cvtres.write.1.tlog
F:\Canon Test\Canon_Test\Debug\link.42032.read.1.tlog
F:\Canon Test\Canon_Test\Debug\link.42032.write.1.tlog
F:\Canon Test\Canon_Test\Debug\link.42032-cvtres.read.1.tlog
F:\Canon Test\Canon_Test\Debug\link.42032-cvtres.write.1.tlog
F:\Canon Test\Canon_Test\Debug\link.45124.read.1.tlog
F:\Canon Test\Canon_Test\Debug\link.45124.write.1.tlog
F:\Canon Test\Canon_Test\Debug\link.45124-cvtres.read.1.tlog
F:\Canon Test\Canon_Test\Debug\link.45124-cvtres.write.1.tlog
F:\Canon Test\Canon_Test\Debug\link.45336.read.1.tlog
F:\Canon Test\Canon_Test\Debug\link.45336.write.1.tlog
F:\Canon Test\Canon_Test\Debug\link.45336-cvtres.read.1.tlog
F:\Canon Test\Canon_Test\Debug\link.45336-cvtres.write.1.tlog
F:\Canon Test\Canon_Test\Debug\link.46960.read.1.tlog
F:\Canon Test\Canon_Test\Debug\link.46960.write.1.tlog
F:\Canon Test\Canon_Test\Debug\link.46960-cvtres.read.1.tlog
F:\Canon Test\Canon_Test\Debug\link.46960-cvtres.write.1.tlog
F:\Canon Test\Canon_Test\Debug\link.50280.read.1.tlog
F:\Canon Test\Canon_Test\Debug\link.50280.write.1.tlog
F:\Canon Test\Canon_Test\Debug\link.50280-cvtres.read.1.tlog
F:\Canon Test\Canon_Test\Debug\link.50280-cvtres.write.1.tlog
F:\Canon Test\Canon_Test\Debug\link.command.1.tlog
F:\Canon Test\Canon_Test\Debug\link.read.1.tlog
F:\Canon Test\Canon_Test\Debug\link.write.1.tlog
F:\Canon Test\Canon_Test\Debug\link-cvtres.read.1.tlog
F:\Canon Test\Canon_Test\Debug\link-cvtres.write.1.tlog
F:\Canon Test\Canon_Test\Debug\mt.command.1.tlog
F:\Canon Test\Canon_Test\Debug\mt.read.1.tlog
F:\Canon Test\Canon_Test\Debug\mt.write.1.tlog
F:\Canon Test\Canon_Test\Debug\rc.command.1.tlog
F:\Canon Test\Canon_Test\Debug\rc.read.1.tlog
F:\Canon Test\Canon_Test\Debug\rc.write.1.tlog
F:\Canon Test\Canon_Test\Debug\stdafx.obj
F:\Canon Test\Canon_Test\Debug\vc100.idb
F:\Canon Test\Canon_Test\Debug\vc100.pdb
